{"level":"info","message":"Database connected fdfdf","service":"processing-service","timestamp":"2026-04-17T07:55:47.958Z"}
{"level":"info","message":"Listening for document processing events","service":"processing-service","timestamp":"2026-04-17T07:55:48.045Z"}
{"level":"info","message":"Processing service running on port 4003","service":"processing-service","timestamp":"2026-04-17T07:55:48.048Z"}
{"level":"info","message":"Database connected fdfdf","service":"processing-service","timestamp":"2026-04-17T07:59:59.811Z"}
{"level":"info","message":"Listening for document processing events","service":"processing-service","timestamp":"2026-04-17T07:59:59.879Z"}
{"level":"info","message":"Processing service running on port 4003","service":"processing-service","timestamp":"2026-04-17T07:59:59.884Z"}
{"level":"info","message":"Database connected fdfdf","service":"processing-service","timestamp":"2026-04-17T08:00:06.545Z"}
{"level":"info","message":"Listening for document processing events","service":"processing-service","timestamp":"2026-04-17T08:00:06.617Z"}
{"level":"info","message":"Processing service running on port 4003","service":"processing-service","timestamp":"2026-04-17T08:00:06.620Z"}
{"level":"info","message":"Database connected fdfdf","service":"processing-service","timestamp":"2026-04-17T08:02:56.552Z"}
{"level":"info","message":"Listening for document processing events","service":"processing-service","timestamp":"2026-04-17T08:02:56.633Z"}
{"level":"info","message":"Processing service running on port 4003","service":"processing-service","timestamp":"2026-04-17T08:02:56.637Z"}
{"level":"info","message":"Procddddddessingd document 1d726d9f-91e2-4f86-ab54-0a7227d7bdc4","service":"processing-service","timestamp":"2026-04-17T08:06:06.697Z"}
{"level":"info","message":"Document 1d726d9f-91e2-4f86-ab54-0a7227d7bdc4 processed successfully","service":"processing-service","timestamp":"2026-04-17T08:06:08.782Z"}
{"level":"info","message":"Database connected fdfdf","service":"processing-service","timestamp":"2026-04-17T08:06:50.658Z"}
{"level":"info","message":"Listening for document processing events","service":"processing-service","timestamp":"2026-04-17T08:06:50.731Z"}
{"level":"info","message":"Processing service running on port 4003","service":"processing-service","timestamp":"2026-04-17T08:06:50.734Z"}
{"level":"info","message":"Database connected fdfdf","service":"processing-service","timestamp":"2026-04-17T08:12:12.503Z"}
{"level":"info","message":"Listening for document processing events","service":"processing-service","timestamp":"2026-04-17T08:12:12.609Z"}
{"level":"info","message":"Processing service running on port 4003","service":"processing-service","timestamp":"2026-04-17T08:12:12.616Z"}
{"level":"info","message":"Database connected fdfdf","service":"processing-service","timestamp":"2026-04-17T08:13:11.649Z"}
{"level":"info","message":"Listening for document processing events","service":"processing-service","timestamp":"2026-04-17T08:13:11.719Z"}
{"level":"info","message":"Processing service running on port 4003","service":"processing-service","timestamp":"2026-04-17T08:13:11.723Z"}
{"level":"info","message":"Database connected fdfdf","service":"processing-service","timestamp":"2026-04-17T08:16:26.957Z"}
{"level":"info","message":"Listening for document processing events","service":"processing-service","timestamp":"2026-04-17T08:16:27.030Z"}
{"level":"info","message":"Processing service running on port 4003","service":"processing-service","timestamp":"2026-04-17T08:16:27.033Z"}
{"level":"info","message":"Database connected fdfdf","service":"processing-service","timestamp":"2026-04-17T08:16:36.857Z"}
{"level":"info","message":"Listening for document processing events","service":"processing-service","timestamp":"2026-04-17T08:16:36.917Z"}
{"level":"info","message":"Processing service running on port 4003","service":"processing-service","timestamp":"2026-04-17T08:16:36.920Z"}
{"level":"info","message":"Database connected fdfdf","service":"processing-service","timestamp":"2026-04-17T08:16:48.127Z"}
{"level":"info","message":"Listening for document processing events","service":"processing-service","timestamp":"2026-04-17T08:16:48.209Z"}
{"level":"info","message":"Processing service running on port 4003","service":"processing-service","timestamp":"2026-04-17T08:16:48.224Z"}
