{"level":"info","message":"RabbitMQ connected","service":"rabbitmq","timestamp":"2026-04-17T07:55:48.044Z"}
{"level":"info","message":"RabbitMQ connected","service":"rabbitmq","timestamp":"2026-04-17T07:55:48.044Z"}
{"level":"info","message":"Consuming from notification.send","service":"rabbitmq","timestamp":"2026-04-17T07:55:48.045Z"}
{"level":"info","message":"Consuming from document.processing","service":"rabbitmq","timestamp":"2026-04-17T07:55:48.045Z"}
{"level":"info","message":"RabbitMQ connected","service":"rabbitmq","timestamp":"2026-04-17T07:59:59.878Z"}
{"level":"info","message":"Consuming from document.processing","service":"rabbitmq","timestamp":"2026-04-17T07:59:59.879Z"}
{"level":"info","message":"RabbitMQ connected","service":"rabbitmq","timestamp":"2026-04-17T07:59:59.899Z"}
{"level":"info","message":"Consuming from notification.send","service":"rabbitmq","timestamp":"2026-04-17T07:59:59.900Z"}
{"level":"info","message":"RabbitMQ connected","service":"rabbitmq","timestamp":"2026-04-17T08:00:06.616Z"}
{"level":"info","message":"Consuming from document.processing","service":"rabbitmq","timestamp":"2026-04-17T08:00:06.616Z"}
{"level":"info","message":"RabbitMQ connected","service":"rabbitmq","timestamp":"2026-04-17T08:00:06.693Z"}
{"level":"info","message":"Consuming from notification.send","service":"rabbitmq","timestamp":"2026-04-17T08:00:06.694Z"}
{"level":"info","message":"RabbitMQ connected","service":"rabbitmq","timestamp":"2026-04-17T08:02:56.632Z"}
{"level":"info","message":"Consuming from document.processing","service":"rabbitmq","timestamp":"2026-04-17T08:02:56.633Z"}
{"level":"info","message":"RabbitMQ connected","service":"rabbitmq","timestamp":"2026-04-17T08:02:56.709Z"}
{"level":"info","message":"Consuming from notification.send","service":"rabbitmq","timestamp":"2026-04-17T08:02:56.710Z"}
{"level":"info","message":"RabbitMQ connected","service":"rabbitmq","timestamp":"2026-04-17T08:06:06.684Z"}
{"level":"info","message":"Published to document.processing","messageId":"unknown","service":"rabbitmq","timestamp":"2026-04-17T08:06:06.685Z"}
{"level":"info","message":"Published to notification.send","messageId":"unknown","service":"rabbitmq","timestamp":"2026-04-17T08:06:08.781Z"}
{"level":"info","message":"RabbitMQ connected","service":"rabbitmq","timestamp":"2026-04-17T08:06:50.730Z"}
{"level":"info","message":"Consuming from document.processing","service":"rabbitmq","timestamp":"2026-04-17T08:06:50.730Z"}
{"level":"info","message":"RabbitMQ connected","service":"rabbitmq","timestamp":"2026-04-17T08:06:50.825Z"}
{"level":"info","message":"Consuming from notification.send","service":"rabbitmq","timestamp":"2026-04-17T08:06:50.826Z"}
{"level":"info","message":"RabbitMQ connected","service":"rabbitmq","timestamp":"2026-04-17T08:12:12.608Z"}
{"level":"info","message":"Consuming from document.processing","service":"rabbitmq","timestamp":"2026-04-17T08:12:12.609Z"}
{"level":"info","message":"RabbitMQ connected","service":"rabbitmq","timestamp":"2026-04-17T08:12:12.663Z"}
{"level":"info","message":"Consuming from notification.send","service":"rabbitmq","timestamp":"2026-04-17T08:12:12.664Z"}
{"level":"info","message":"RabbitMQ connected","service":"rabbitmq","timestamp":"2026-04-17T08:13:11.718Z"}
{"level":"info","message":"Consuming from document.processing","service":"rabbitmq","timestamp":"2026-04-17T08:13:11.719Z"}
{"level":"info","message":"RabbitMQ connected","service":"rabbitmq","timestamp":"2026-04-17T08:13:11.832Z"}
{"level":"info","message":"Consuming from notification.send","service":"rabbitmq","timestamp":"2026-04-17T08:13:11.833Z"}
{"level":"info","message":"RabbitMQ connected","service":"rabbitmq","timestamp":"2026-04-17T08:16:27.028Z"}
{"level":"info","message":"Consuming from document.processing","service":"rabbitmq","timestamp":"2026-04-17T08:16:27.030Z"}
{"level":"info","message":"RabbitMQ connected","service":"rabbitmq","timestamp":"2026-04-17T08:16:27.048Z"}
{"level":"info","message":"Consuming from notification.send","service":"rabbitmq","timestamp":"2026-04-17T08:16:27.049Z"}
{"level":"info","message":"RabbitMQ connected","service":"rabbitmq","timestamp":"2026-04-17T08:16:36.916Z"}
{"level":"info","message":"Consuming from document.processing","service":"rabbitmq","timestamp":"2026-04-17T08:16:36.917Z"}
{"level":"info","message":"RabbitMQ connected","service":"rabbitmq","timestamp":"2026-04-17T08:16:48.202Z"}
{"level":"info","message":"Consuming from document.processing","service":"rabbitmq","timestamp":"2026-04-17T08:16:48.203Z"}
