{"level":"info","message":"RabbitMQ connected","service":"rabbitmq","timestamp":"2026-04-14T08:32:43.446Z"}
{"level":"info","message":"Consuming from document.processing","service":"rabbitmq","timestamp":"2026-04-14T08:32:43.447Z"}
{"level":"info","message":"RabbitMQ connected","service":"rabbitmq","timestamp":"2026-04-14T08:32:43.492Z"}
{"level":"info","message":"Consuming from notification.send","service":"rabbitmq","timestamp":"2026-04-14T08:32:43.493Z"}
{"level":"info","message":"RabbitMQ connected","service":"rabbitmq","timestamp":"2026-04-14T08:34:08.179Z"}
{"level":"info","message":"Consuming from document.processing","service":"rabbitmq","timestamp":"2026-04-14T08:34:08.181Z"}
{"level":"info","message":"RabbitMQ connected","service":"rabbitmq","timestamp":"2026-04-14T08:34:08.222Z"}
{"level":"info","message":"Consuming from notification.send","service":"rabbitmq","timestamp":"2026-04-14T08:34:08.223Z"}
{"level":"info","message":"RabbitMQ connected","service":"rabbitmq","timestamp":"2026-04-14T08:34:58.853Z"}
{"level":"info","message":"Consuming from document.processing","service":"rabbitmq","timestamp":"2026-04-14T08:34:58.853Z"}
{"level":"info","message":"RabbitMQ connected","service":"rabbitmq","timestamp":"2026-04-14T08:34:58.886Z"}
{"level":"info","message":"Consuming from notification.send","service":"rabbitmq","timestamp":"2026-04-14T08:34:58.888Z"}
{"level":"info","message":"RabbitMQ connected","service":"rabbitmq","timestamp":"2026-04-14T08:39:14.957Z"}
{"level":"info","message":"Consuming from document.processing","service":"rabbitmq","timestamp":"2026-04-14T08:39:14.959Z"}
{"level":"info","message":"RabbitMQ connected","service":"rabbitmq","timestamp":"2026-04-14T08:39:15.026Z"}
{"level":"info","message":"Consuming from notification.send","service":"rabbitmq","timestamp":"2026-04-14T08:39:15.027Z"}
{"level":"info","message":"RabbitMQ connected","service":"rabbitmq","timestamp":"2026-04-14T08:39:30.588Z"}
{"level":"info","message":"Published to document.processing","messageId":"unknown","service":"rabbitmq","timestamp":"2026-04-14T08:39:30.589Z"}
{"level":"info","message":"Published to notification.send","messageId":"unknown","service":"rabbitmq","timestamp":"2026-04-14T08:39:32.661Z"}
{"level":"info","message":"Published to document.processing","messageId":"unknown","service":"rabbitmq","timestamp":"2026-04-14T08:40:27.566Z"}
{"level":"info","message":"Published to notification.send","messageId":"unknown","service":"rabbitmq","timestamp":"2026-04-14T08:40:29.646Z"}
{"level":"info","message":"Published to document.processing","messageId":"unknown","service":"rabbitmq","timestamp":"2026-04-14T08:42:11.228Z"}
{"level":"info","message":"Published to notification.send","messageId":"unknown","service":"rabbitmq","timestamp":"2026-04-14T08:42:13.296Z"}
{"level":"info","message":"Published to document.processing","messageId":"unknown","service":"rabbitmq","timestamp":"2026-04-14T08:43:28.593Z"}
{"level":"info","message":"Published to notification.send","messageId":"unknown","service":"rabbitmq","timestamp":"2026-04-14T08:43:30.662Z"}
{"level":"info","message":"Published to document.processing","messageId":"unknown","service":"rabbitmq","timestamp":"2026-04-14T09:01:20.668Z"}
{"level":"info","message":"Published to notification.send","messageId":"unknown","service":"rabbitmq","timestamp":"2026-04-14T09:01:22.734Z"}
